{'checkpoint': 'results/cifar100/meta_svhn_T5_42', 'savepoint': 'models/cifar100/meta_svhn_T5_42', 'data_path': '../Datasets/SVHN/', 'num_class': 10, 'class_per_task': 2, 'num_task': 5, 'test_samples_per_class': 1000, 'dataset': 'svhn', 'optimizer': 'radam', 'epochs': 20, 'lr': 0.01, 'train_batch': 256, 'test_batch': 256, 'workers': 16, 'sess': 0, 'schedule': [5, 10, 15], 'gamma': 0.2, 'random_classes': False, 'validation': 0, 'memory': 2000, 'mu': 1, 'beta': 1.0, 'r': 1}
  Total params: 1.23M 
Using downloaded and verified file: ../Datasets/SVHN/train_32x32.mat
Using downloaded and verified file: ../Datasets/SVHN/test_32x32.mat
0
[2, 2, 2, 2, 2]
{'min_class': 0, 'max_class': 2, 'task': 0, 'max_task': 5, 'n_train_data': 18809, 'n_test_data': 6843}
{0: 6843}

Epoch: [1 | 20] LR: 0.010000 Sess: 0
/home/abanyi17/iTAML-master/radam.py:45: UserWarning: This overload of addcmul_ is deprecated:
	addcmul_(Number value, Tensor tensor1, Tensor tensor2)
Consider using one of the following signatures instead:
	addcmul_(Tensor tensor1, Tensor tensor2, *, Number value) (Triggered internally at  ../torch/csrc/utils/python_arg_parser.cpp:1050.)
  exp_avg_sq.mul_(beta2).addcmul_(1 - beta2, grad, grad)
95.06064591553411
{1: 4988, 0: 1517}

Epoch: [2 | 20] LR: 0.010000 Sess: 0
97.10653222270933
{1: 5057, 0: 1588}

Epoch: [3 | 20] LR: 0.010000 Sess: 0
97.50109601052169
{1: 4995, 0: 1677}

Epoch: [4 | 20] LR: 0.010000 Sess: 0
97.7202981148619
{1: 4984, 0: 1703}

Epoch: [5 | 20] LR: 0.010000 Sess: 0
97.31112085342686
{1: 4941, 0: 1718}

Epoch: [6 | 20] LR: 0.002000 Sess: 0
98.48019874324127
{1: 5025, 0: 1714}

Epoch: [7 | 20] LR: 0.002000 Sess: 0
98.52403916410931
{1: 5023, 0: 1719}

Epoch: [8 | 20] LR: 0.002000 Sess: 0
98.46558526961859
{1: 5020, 0: 1718}

Epoch: [9 | 20] LR: 0.002000 Sess: 0
98.39251790150519
{1: 5021, 0: 1712}

Epoch: [10 | 20] LR: 0.002000 Sess: 0
98.49481221686395
{1: 5042, 0: 1698}

Epoch: [11 | 20] LR: 0.000400 Sess: 0
98.78708168931755
{1: 5057, 0: 1703}

Epoch: [12 | 20] LR: 0.000400 Sess: 0
98.86014905743095
{1: 5053, 0: 1712}

Epoch: [13 | 20] LR: 0.000400 Sess: 0
98.77246821569489
{1: 5050, 0: 1709}

Epoch: [14 | 20] LR: 0.000400 Sess: 0
98.83092211018558
{1: 5053, 0: 1710}

Epoch: [15 | 20] LR: 0.000400 Sess: 0
98.93321642554434
{1: 5053, 0: 1717}

Epoch: [16 | 20] LR: 0.000080 Sess: 0
98.9624433727897
{1: 5059, 0: 1713}

Epoch: [17 | 20] LR: 0.000080 Sess: 0
98.91860295192166
{1: 5053, 0: 1716}

Epoch: [18 | 20] LR: 0.000080 Sess: 0
98.80169516294023
{1: 5044, 0: 1717}

Epoch: [19 | 20] LR: 0.000080 Sess: 0
98.94782989916703
{1: 5056, 0: 1715}

Epoch: [20 | 20] LR: 0.000080 Sess: 0
The PostScript backend does not support transparency; partially transparent artists will be rendered opaque.
The PostScript backend does not support transparency; partially transparent artists will be rendered opaque.
98.93321642554434
{1: 5054, 0: 1716}
2000
Training meta tasks:	 0
98.9624433727897
{0: 1713, 1: 5059}
Using downloaded and verified file: ../Datasets/SVHN/train_32x32.mat
Truth: 0
Pred: 0
Truth: 0
Pred: 0
Truth: 0
Pred: 0
Truth: 0
Pred: 0
Truth: 0
Pred: 0
Truth: 1
Pred: 1
Truth: 1
Pred: 1
Truth: 1
Pred: 1
Truth: 1
Pred: 1
Truth: 1
Pred: 1
1
[2, 2, 2, 2, 2]
{'min_class': 2, 'max_class': 4, 'task': 1, 'max_task': 5, 'n_train_data': 21082, 'n_test_data': 13874}
{0: 6843, 1: 7031}

Epoch: [1 | 20] LR: 0.010000 Sess: 1
78.72278240537776
61.7408618973119
{0: 1716, 1: 3671, 2: 3083, 3: 1258}

Epoch: [2 | 20] LR: 0.010000 Sess: 1
90.28204004091772
34.091878822358126
{0: 1131, 1: 5047, 2: 1234, 3: 1163}

Epoch: [3 | 20] LR: 0.010000 Sess: 1
91.81645477129914
66.88948940406769
{0: 1618, 1: 4665, 2: 3603, 3: 1100}

Epoch: [4 | 20] LR: 0.010000 Sess: 1
92.78094403039603
59.877684539894744
{0: 1499, 1: 4850, 2: 2524, 3: 1686}

Epoch: [5 | 20] LR: 0.010000 Sess: 1
66.54975887768522
73.26127151187598
{0: 1720, 1: 2834, 3: 1170, 2: 3981}

Epoch: [6 | 20] LR: 0.002000 Sess: 1
95.33830191436505
81.9513582705163
{0: 1693, 1: 4831, 3: 2196, 2: 3566}

Epoch: [7 | 20] LR: 0.002000 Sess: 1
94.73914949583516
84.53989475181339
{0: 1698, 1: 4785, 3: 2250, 2: 3694}

Epoch: [8 | 20] LR: 0.002000 Sess: 1
95.27984801987432
82.54871284312331
{0: 1688, 1: 4832, 3: 2001, 2: 3803}

Epoch: [9 | 20] LR: 0.002000 Sess: 1
93.57007160602075
85.72038116910824
{0: 1711, 1: 4692, 3: 2376, 2: 3651}

Epoch: [10 | 20] LR: 0.002000 Sess: 1
96.18588338448049
85.89105390413881
{0: 1695, 1: 4887, 3: 2387, 2: 3652}

Epoch: [11 | 20] LR: 0.000400 Sess: 1
95.57211749232793
85.30792205945102
{0: 1714, 1: 4826, 3: 2323, 2: 3675}

Epoch: [12 | 20] LR: 0.000400 Sess: 1
95.54289054508257
86.5452993884227
{0: 1715, 1: 4823, 3: 2322, 2: 3763}

Epoch: [13 | 20] LR: 0.000400 Sess: 1
95.79131959666813
86.33195846963449
{0: 1712, 1: 4843, 3: 2361, 2: 3709}

Epoch: [14 | 20] LR: 0.000400 Sess: 1
95.80593307029082
86.34618119755368
{0: 1710, 1: 4846, 3: 2355, 2: 3716}

Epoch: [15 | 20] LR: 0.000400 Sess: 1
95.63057138681864
86.75864030721092
{0: 1718, 1: 4826, 3: 2380, 2: 3720}

Epoch: [16 | 20] LR: 0.000080 Sess: 1
95.49905012421453
86.63063575593799
{0: 1717, 1: 4818, 3: 2342, 2: 3749}

Epoch: [17 | 20] LR: 0.000080 Sess: 1
95.64518486044132
87.32754942397952
{0: 1718, 1: 4827, 3: 2369, 2: 3771}

Epoch: [18 | 20] LR: 0.000080 Sess: 1
95.41136928247845
86.94353577016071
{0: 1717, 1: 4812, 3: 2327, 2: 3786}

Epoch: [19 | 20] LR: 0.000080 Sess: 1
95.70363875493206
87.3133266960603
{0: 1714, 1: 4835, 3: 2408, 2: 3731}

Epoch: [20 | 20] LR: 0.000080 Sess: 1
The PostScript backend does not support transparency; partially transparent artists will be rendered opaque.
The PostScript backend does not support transparency; partially transparent artists will be rendered opaque.
95.93745433289493
86.60219030009955
{0: 1715, 1: 4850, 3: 2355, 2: 3734}
2000
Training meta tasks:	 0
Training meta tasks:	 1
97.12114569633202
95.20694069122459
{0: 1727, 1: 4919, 2: 3892, 3: 2802}
Using downloaded and verified file: ../Datasets/SVHN/train_32x32.mat
Truth: 0
Pred: 0
Truth: 0
Pred: 0
Truth: 0
Pred: 2
Truth: 0
Pred: 0
Truth: 0
Pred: 0
Truth: 1
Pred: 2
Truth: 1
Pred: 1
Truth: 1
Pred: 1
Truth: 1
Pred: 1
Truth: 1
Pred: 1
2
[2, 2, 2, 2, 2]
{'min_class': 4, 'max_class': 6, 'task': 2, 'max_task': 5, 'n_train_data': 16340, 'n_test_data': 18781}
{0: 6843, 1: 7031, 2: 4907}

Epoch: [1 | 20] LR: 0.010000 Sess: 2
90.53046909250328
67.92774854217039
31.424495618504174
{0: 1547, 1: 4648, 3: 1850, 2: 2926, 5: 1197, 4: 345}

Epoch: [2 | 20] LR: 0.010000 Sess: 2
91.90413561303521
60.77371639880529
46.097411860607295
{0: 1636, 1: 4653, 3: 1369, 2: 2904, 5: 1564, 4: 698}

Epoch: [3 | 20] LR: 0.010000 Sess: 2
65.6875639339471
65.22543023751956
71.46932952924394
{0: 1709, 1: 2786, 3: 1149, 2: 3437, 5: 1744, 4: 1763}

Epoch: [4 | 20] LR: 0.010000 Sess: 2
64.16776267718836
61.21462096430095
47.21825962910128
{0: 1687, 1: 2704, 3: 2106, 2: 2198, 5: 717, 4: 1600}

Epoch: [5 | 20] LR: 0.010000 Sess: 2
89.39061814993423
63.06357559379889
73.2219278581618
{0: 1491, 1: 4626, 3: 1240, 2: 3194, 5: 2131, 4: 1462}

Epoch: [6 | 20] LR: 0.002000 Sess: 2
80.63714744994886
73.48883515858341
78.60199714693294
{0: 1684, 1: 3834, 3: 1970, 2: 3197, 5: 2040, 4: 1817}

Epoch: [7 | 20] LR: 0.002000 Sess: 2
88.30922110185591
70.77229412601336
74.118606072957
{0: 1636, 1: 4407, 2: 3525, 3: 1451, 5: 2088, 4: 1549}

Epoch: [8 | 20] LR: 0.002000 Sess: 2
90.25281309367237
63.16313468923339
79.76360301609945
{0: 1621, 1: 4555, 2: 3039, 3: 1402, 5: 2173, 4: 1741}

Epoch: [9 | 20] LR: 0.002000 Sess: 2
90.91041940669297
69.89048499502204
77.82759323415529
{0: 1664, 1: 4557, 3: 1582, 2: 3332, 5: 2119, 4: 1700}

Epoch: [10 | 20] LR: 0.002000 Sess: 2
86.4094695309075
70.57317593514436
80.70103933156715
{0: 1655, 1: 4258, 3: 1599, 2: 3363, 5: 2201, 4: 1759}

Epoch: [11 | 20] LR: 0.000400 Sess: 2
89.94593014759607
74.55553975252454
80.9048298349297
{0: 1661, 1: 4494, 3: 1813, 2: 3429, 5: 2116, 4: 1854}

Epoch: [12 | 20] LR: 0.000400 Sess: 2
92.48867455794243
71.69677144076233
75.46362339514978
{0: 1602, 1: 4727, 3: 1844, 2: 3197, 5: 2038, 4: 1665}

Epoch: [13 | 20] LR: 0.000400 Sess: 2
91.36343708899605
77.55653534347888
80.15080497248829
{0: 1651, 1: 4601, 3: 2106, 2: 3347, 5: 2077, 4: 1856}

Epoch: [14 | 20] LR: 0.000400 Sess: 2
91.12962151103318
78.16811264400512
80.74179743223965
{0: 1654, 1: 4582, 3: 2029, 2: 3467, 5: 2108, 4: 1854}

Epoch: [15 | 20] LR: 0.000400 Sess: 2
90.57430951337133
78.0401080927322
81.39392704299979
{0: 1660, 1: 4538, 3: 2034, 2: 3453, 5: 2104, 4: 1890}

Epoch: [16 | 20] LR: 0.000080 Sess: 2
91.31959666812801
77.35741715260987
80.7214183819034
{0: 1658, 1: 4591, 3: 1925, 2: 3514, 5: 2103, 4: 1858}

Epoch: [17 | 20] LR: 0.000080 Sess: 2
90.83735203857957
78.82235812828901
80.86407173425718
{0: 1667, 1: 4549, 3: 2062, 2: 3480, 5: 2107, 4: 1861}

Epoch: [18 | 20] LR: 0.000080 Sess: 2
91.78722782405377
78.32456265111648
79.41715916038314
{0: 1663, 1: 4618, 3: 2024, 2: 3483, 5: 2121, 4: 1776}

Epoch: [19 | 20] LR: 0.000080 Sess: 2
91.43650445710946
79.36282178921917
80.08966782147951
{0: 1666, 1: 4591, 3: 2102, 2: 3478, 5: 2095, 4: 1835}

Epoch: [20 | 20] LR: 0.000080 Sess: 2
The PostScript backend does not support transparency; partially transparent artists will be rendered opaque.
The PostScript backend does not support transparency; partially transparent artists will be rendered opaque.
91.52418529884554
78.99303086331958
79.64132871408194
{0: 1668, 1: 4595, 3: 2053, 2: 3501, 5: 2110, 4: 1798}
1998
Training meta tasks:	 0
Training meta tasks:	 1
Training meta tasks:	 2
98.56787958497735
94.87981794908265
97.83982066435703
{0: 1714, 1: 5031, 2: 3906, 3: 2765, 4: 2509, 5: 2292}
Using downloaded and verified file: ../Datasets/SVHN/train_32x32.mat
Truth: 0
Pred: 0
Truth: 0
Pred: 0
Truth: 0
Pred: 2
Truth: 0
Pred: 0
Truth: 0
Pred: 0
Truth: 1
Pred: 2
Truth: 1
Pred: 1
Truth: 1
Pred: 1
Truth: 1
Pred: 1
Truth: 1
Pred: 1
3
[2, 2, 2, 2, 2]
{'min_class': 6, 'max_class': 8, 'task': 3, 'max_task': 5, 'n_train_data': 13320, 'n_test_data': 22777}
{0: 6843, 1: 7031, 2: 4907, 3: 3996}

Epoch: [1 | 20] LR: 0.010000 Sess: 3
82.01081397048078
78.22500355568198
83.63562257998777
0.10010010010010009
{0: 1638, 1: 3974, 3: 2085, 2: 3415, 5: 2070, 4: 2034, 7: 2, 6: 2}

Epoch: [2 | 20] LR: 0.010000 Sess: 3
80.25719713575917
48.1866021903001
53.189321377623806
3.903903903903904
{1: 4874, 0: 618, 2: 3128, 3: 260, 5: 1201, 4: 1409, 6: 156}

Epoch: [3 | 20] LR: 0.010000 Sess: 3
72.0005845389449
56.37889347176789
63.3177093947422
39.089089089089086
{0: 1374, 1: 3553, 2: 3582, 3: 382, 5: 1409, 4: 1698, 6: 1553, 7: 9}

Epoch: [4 | 20] LR: 0.010000 Sess: 3
85.00657606313021
60.403925472905705
57.02058284083962
51.77677677677678
{0: 1448, 1: 4369, 3: 1199, 2: 3048, 5: 1014, 4: 1784, 6: 1329, 7: 740}

Epoch: [5 | 20] LR: 0.010000 Sess: 3
34.575478591261145
71.59721234532785
81.08824128795598
54.07907907907908
{0: 1602, 1: 764, 3: 1776, 2: 3258, 5: 1830, 4: 2149, 6: 885, 7: 1276}

Epoch: [6 | 20] LR: 0.002000 Sess: 3
75.30322957767062
74.29953064997866
75.99347870389241
47.872872872872875
{0: 1574, 1: 3579, 3: 2121, 2: 3103, 5: 1881, 4: 1848, 7: 1235, 6: 678}

Epoch: [7 | 20] LR: 0.002000 Sess: 3
71.41604559403771
76.2480443749111
83.81903403301406
68.61861861861863
{0: 1630, 1: 3257, 3: 1979, 2: 3382, 5: 1905, 4: 2208, 6: 1377, 7: 1365}

Epoch: [8 | 20] LR: 0.002000 Sess: 3
85.50343416630133
74.76888067131276
80.59914407988587
57.10710710710711
{0: 1578, 1: 4273, 3: 2141, 2: 3116, 5: 1892, 4: 2063, 6: 994, 7: 1288}

Epoch: [9 | 20] LR: 0.002000 Sess: 3
84.4951044863364
74.59820793628218
81.04748318728346
49.52452452452452
{0: 1389, 1: 4393, 3: 2092, 2: 3153, 5: 2034, 4: 1943, 6: 812, 7: 1167}

Epoch: [10 | 20] LR: 0.002000 Sess: 3
73.30118369136343
68.11264400512019
83.71713878133279
64.51451451451452
{0: 1596, 1: 3420, 3: 1536, 2: 3253, 5: 1913, 4: 2195, 6: 1383, 7: 1195}

Epoch: [11 | 20] LR: 0.000400 Sess: 3
81.1924594476107
70.20338500924477
83.35031587528022
54.55455455455455
{0: 1618, 1: 3938, 3: 1860, 2: 3076, 5: 2137, 4: 1953, 6: 868, 7: 1312}

Epoch: [12 | 20] LR: 0.000400 Sess: 3
73.78342832091188
74.7119897596359
84.49154269411045
55.53053053053053
{0: 1630, 1: 3419, 3: 2175, 2: 3078, 5: 1960, 4: 2186, 6: 842, 7: 1377}

Epoch: [13 | 20] LR: 0.000400 Sess: 3
73.16966242875932
75.7644716256578
86.93702873446097
59.90990990990991
{0: 1633, 1: 3374, 3: 1992, 2: 3335, 5: 2010, 4: 2256, 6: 926, 7: 1468}

Epoch: [14 | 20] LR: 0.000400 Sess: 3
79.00043840420868
75.02488977385863
84.18585693906664
54.4044044044044
{0: 1631, 1: 3775, 3: 2122, 2: 3153, 5: 2047, 4: 2084, 6: 694, 7: 1480}

Epoch: [15 | 20] LR: 0.000400 Sess: 3
80.49101271372206
74.6266533921206
83.65600163032403
53.178178178178186
{0: 1576, 1: 3932, 3: 2056, 2: 3191, 5: 2045, 4: 2060, 6: 1035, 7: 1090}

Epoch: [16 | 20] LR: 0.000080 Sess: 3
82.81455501972819
76.53249893329541
84.36926839209292
55.83083083083082
{0: 1590, 1: 4077, 3: 2061, 2: 3320, 5: 2092, 4: 2048, 6: 942, 7: 1289}

Epoch: [17 | 20] LR: 0.000080 Sess: 3
77.49525062107263
76.46138529369934
85.61239046260445
56.15615615615616
{0: 1597, 1: 3706, 3: 2089, 2: 3287, 5: 1982, 4: 2219, 6: 966, 7: 1278}

Epoch: [18 | 20] LR: 0.000080 Sess: 3
76.29694578401285
76.00625800028445
85.83656001630324
57.75775775775776
{0: 1602, 1: 3619, 3: 2057, 2: 3287, 5: 1979, 4: 2233, 6: 1008, 7: 1300}

Epoch: [19 | 20] LR: 0.000080 Sess: 3
81.5577962881777
74.64087612003982
85.28632565722438
51.17617617617617
{0: 1604, 1: 3977, 3: 2095, 2: 3153, 5: 2106, 4: 2079, 6: 768, 7: 1277}

Epoch: [20 | 20] LR: 0.000080 Sess: 3
The PostScript backend does not support transparency; partially transparent artists will be rendered opaque.
The PostScript backend does not support transparency; partially transparent artists will be rendered opaque.
78.620488090019
77.04451713838714
85.99959241899327
54.329329329329326
{0: 1613, 1: 3767, 3: 2127, 2: 3290, 5: 2020, 4: 2200, 6: 805, 7: 1366}
2000
Training meta tasks:	 0
Training meta tasks:	 1
Training meta tasks:	 2
Training meta tasks:	 3
98.42174484875055
95.47717252168965
98.51232932545344
99.07407407407408
{0: 1705, 1: 5030, 2: 3958, 3: 2755, 4: 2483, 5: 2351, 6: 1965, 7: 1994}
Using downloaded and verified file: ../Datasets/SVHN/train_32x32.mat
Truth: 0
Pred: 0
Truth: 0
Pred: 0
Truth: 0
Pred: 4
Truth: 0
Pred: 0
Truth: 0
Pred: 0
Truth: 1
Pred: 1
Truth: 1
Pred: 1
Truth: 1
Pred: 1
Truth: 1
Pred: 4
Truth: 1
Pred: 4
4
[2, 2, 2, 2, 2]
{'min_class': 8, 'max_class': 10, 'task': 4, 'max_task': 5, 'n_train_data': 11704, 'n_test_data': 26032}
{0: 6843, 1: 7031, 2: 4907, 3: 3996, 4: 3255}

Epoch: [1 | 20] LR: 0.010000 Sess: 4
75.4639777875201
64.21561655525531
65.70205828408396
33.45845845845846
23.59447004608295
{0: 1570, 1: 3594, 3: 2143, 2: 2372, 5: 2072, 4: 1152, 7: 1199, 6: 138, 9: 768}

Epoch: [2 | 20] LR: 0.010000 Sess: 4
60.543621218763704
31.275778694353576
64.39779906256368
44.64464464464464
28.448540706605225
{0: 1410, 1: 2733, 3: 2011, 2: 188, 5: 2189, 4: 971, 7: 1781, 6: 3, 9: 926}

Epoch: [3 | 20] LR: 0.010000 Sess: 4
68.21569487067076
62.46622102119186
81.9237823517424
49.249249249249246
36.466973886328724
{0: 1640, 1: 3028, 3: 1470, 2: 2922, 5: 1801, 4: 2219, 7: 1398, 6: 570, 9: 854, 8: 333}

Epoch: [4 | 20] LR: 0.010000 Sess: 4
71.78138243460471
47.02033850092448
48.66517220297535
57.98298298298298
44.17818740399386
{0: 1503, 1: 3409, 3: 1320, 2: 1986, 4: 2061, 5: 327, 6: 880, 7: 1437, 9: 869, 8: 569}

Epoch: [5 | 20] LR: 0.010000 Sess: 4
77.50986409469532
43.72066562366662
52.06847360912981
30.28028028028028
45.06912442396313
{1: 4911, 0: 393, 3: 1407, 2: 1667, 5: 1707, 4: 848, 6: 875, 7: 335, 9: 1215, 8: 252}

Epoch: [6 | 20] LR: 0.002000 Sess: 4
88.46996931170538
57.530934433224296
66.59873649887916
54.50450450450451
50.906298003072195
{0: 1308, 1: 4746, 3: 1669, 2: 2376, 5: 1724, 4: 1544, 6: 781, 7: 1397, 9: 1145, 8: 512}

Epoch: [7 | 20] LR: 0.002000 Sess: 4
87.16937015928687
57.13269805148627
70.06317505604238
65.31531531531532
47.64976958525345
{0: 1563, 1: 4402, 3: 1596, 2: 2421, 5: 1870, 4: 1568, 6: 972, 7: 1638, 9: 1183, 8: 368}

Epoch: [8 | 20] LR: 0.002000 Sess: 4
86.9209411077013
64.89830749537762
70.20582840839617
59.85985985985986
46.85099846390169
{0: 1294, 1: 4654, 3: 1788, 2: 2775, 5: 1679, 4: 1766, 6: 1142, 7: 1250, 9: 1234, 8: 291}

Epoch: [9 | 20] LR: 0.002000 Sess: 4
88.87914657314045
65.48143934006542
70.53189321377624
50.55055055055055
41.62826420890937
{0: 1455, 1: 4627, 3: 2040, 2: 2564, 5: 1580, 4: 1881, 6: 622, 7: 1398, 9: 1231, 8: 124}

Epoch: [10 | 20] LR: 0.002000 Sess: 4
89.50752593891568
66.56236666192575
77.72569798247402
58.708708708708706
41.38248847926267
{0: 1460, 1: 4665, 3: 1767, 2: 2913, 5: 1941, 4: 1873, 6: 931, 7: 1415, 9: 993, 8: 354}

Epoch: [11 | 20] LR: 0.000400 Sess: 4
89.96054362121876
65.85123026596501
78.70389239861422
58.68368368368368
43.28725038402458
{0: 1543, 1: 4613, 3: 1793, 2: 2837, 5: 2044, 4: 1818, 6: 834, 7: 1511, 9: 1198, 8: 211}

Epoch: [12 | 20] LR: 0.000400 Sess: 4
90.10667835744557
66.63348030152183
79.55981251273691
60.910910910910914
41.19815668202765
{0: 1514, 1: 4652, 3: 1734, 2: 2951, 5: 2056, 4: 1848, 6: 912, 7: 1522, 9: 1140, 8: 201}

Epoch: [13 | 20] LR: 0.000400 Sess: 4
89.62443372789713
66.0361257289148
79.05033625433055
57.58258258258259
39.47772657450077
{0: 1517, 1: 4616, 3: 1888, 2: 2755, 5: 1983, 4: 1896, 6: 736, 7: 1565, 9: 1089, 8: 196}

Epoch: [14 | 20] LR: 0.000400 Sess: 4
89.97515709484145
66.73303939695634
79.47829631139189
63.26326326326326
41.38248847926267
{0: 1500, 1: 4657, 3: 1788, 2: 2904, 5: 1990, 4: 1910, 6: 995, 7: 1533, 9: 1049, 8: 298}

Epoch: [15 | 20] LR: 0.000400 Sess: 4
90.74967119684348
63.148911961314184
78.70389239861422
55.90590590590591
41.78187403993855
{0: 1514, 1: 4696, 3: 1760, 2: 2680, 5: 2035, 4: 1827, 6: 732, 7: 1502, 9: 1076, 8: 284}

Epoch: [16 | 20] LR: 0.000080 Sess: 4
90.22358614642701
63.98805290854786
79.64132871408192
55.73073073073073
42.427035330261134
{0: 1513, 1: 4661, 3: 1788, 2: 2711, 5: 2025, 4: 1883, 6: 717, 7: 1510, 9: 1149, 8: 232}

Epoch: [17 | 20] LR: 0.000080 Sess: 4
89.55136635978373
63.71782107808278
80.70103933156715
56.93193193193193
41.996927803379414
{0: 1539, 1: 4589, 3: 1798, 2: 2682, 5: 1995, 4: 1965, 6: 696, 7: 1579, 9: 1102, 8: 265}

Epoch: [18 | 20] LR: 0.000080 Sess: 4
90.16513225193629
63.248471056748684
80.25270022416956
55.45545545545546
42.08909370199693
{0: 1528, 1: 4642, 3: 1768, 2: 2679, 5: 2006, 4: 1932, 6: 605, 7: 1611, 9: 1127, 8: 243}

Epoch: [19 | 20] LR: 0.000080 Sess: 4
89.97515709484144
63.31958469634476
78.66313429794172
52.87787787787788
41.16743471582181
{0: 1512, 1: 4645, 3: 1837, 2: 2615, 5: 1982, 4: 1878, 6: 572, 7: 1541, 9: 1118, 8: 222}

Epoch: [20 | 20] LR: 0.000080 Sess: 4
The PostScript backend does not support transparency; partially transparent artists will be rendered opaque.
The PostScript backend does not support transparency; partially transparent artists will be rendered opaque.
90.44278825076722
64.01649836438628
77.74607703281026
53.37837837837838
42.48847926267281
{0: 1474, 1: 4715, 3: 1768, 2: 2733, 5: 2013, 4: 1802, 6: 636, 7: 1497, 9: 1188, 8: 195}
2000
Training meta tasks:	 0
Training meta tasks:	 1
Training meta tasks:	 2
Training meta tasks:	 3
Training meta tasks:	 4
98.65556042671344
93.47176788508037
98.32891787242716
98.89889889889889
97.88018433179724
{0: 1709, 1: 5042, 2: 3924, 3: 2648, 4: 2476, 5: 2349, 6: 1962, 7: 1990, 8: 1624, 9: 1562}
Using downloaded and verified file: ../Datasets/SVHN/train_32x32.mat
Truth: 0
Pred: 0
Truth: 0
Pred: 0
Truth: 0
Pred: 4
Truth: 0
Pred: 0
Truth: 0
Pred: 0
Truth: 1
Pred: 1
Truth: 1
Pred: 1
Truth: 1
Pred: 1
Truth: 1
Pred: 1
Truth: 1
Pred: 1
